2026-04-25 16:25:11,407 - 1_data_check - INFO - [SMOKE_TEST] Capping folds to 2.
2026-04-25 16:25:13,092 - 1_data_check - INFO - 
==================================================
[PHASE_START] 1_data_check
Timestamp: Sat Apr 25 16:25:13 2026
==================================================
2026-04-25 16:25:15,221 - 1_data_check - INFO - [DATA] Train: (500, 108) | Test: (500, 107)
2026-04-25 16:25:15,221 - 1_data_check - INFO - 
--- [DATA_SNAPSHOT] train_raw ---
2026-04-25 16:25:15,222 - 1_data_check - INFO - Shape: (500, 108) | NaNs: 5027
2026-04-25 16:25:15,222 - 1_data_check - INFO - Dtypes: {dtype('float32'): 96, dtype('int32'): 8, <StringDtype(na_value=nan)>: 4}
2026-04-25 16:25:15,223 - 1_data_check - INFO - [FEATURE_SNAPSHOT] Count: 108
2026-04-25 16:25:15,223 - 1_data_check - INFO - Columns (First 5): ['ID', 'layout_id', 'scenario_id', 'order_inflow_15m', 'unique_sku_15m']
2026-04-25 16:25:15,223 - 1_data_check - INFO - Columns (Last 5): ['building_age_years', 'floor_area_sqm', 'ceiling_height_m', 'fire_sprinkler_count', 'emergency_exit_count']
2026-04-25 16:25:15,223 - 1_data_check - INFO - [MEMORY] SNAPSHOT train_raw | 368.65 MB
2026-04-25 16:25:15,223 - 1_data_check - INFO - --- [/DATA_SNAPSHOT] ---

2026-04-25 16:25:15,223 - 1_data_check - INFO - 
--- [DATA_SNAPSHOT] test_raw ---
2026-04-25 16:25:15,224 - 1_data_check - INFO - Shape: (500, 107) | NaNs: 5094
2026-04-25 16:25:15,224 - 1_data_check - INFO - Dtypes: {dtype('float32'): 95, dtype('int32'): 8, <StringDtype(na_value=nan)>: 4}
2026-04-25 16:25:15,224 - 1_data_check - INFO - [FEATURE_SNAPSHOT] Count: 107
2026-04-25 16:25:15,224 - 1_data_check - INFO - Columns (First 5): ['ID', 'layout_id', 'scenario_id', 'order_inflow_15m', 'unique_sku_15m']
2026-04-25 16:25:15,224 - 1_data_check - INFO - Columns (Last 5): ['building_age_years', 'floor_area_sqm', 'ceiling_height_m', 'fire_sprinkler_count', 'emergency_exit_count']
2026-04-25 16:25:15,224 - 1_data_check - INFO - [MEMORY] SNAPSHOT test_raw | 368.66 MB
2026-04-25 16:25:15,224 - 1_data_check - INFO - --- [/DATA_SNAPSHOT] ---

2026-04-25 16:25:15,224 - 1_data_check - INFO - [PHASE_END] 1_data_check | Duration: 2.13s | Status: SUCCESS
==================================================

2026-04-25 16:25:15,225 - 2_build_base - INFO - [SMOKE_TEST] Capping folds to 2.
2026-04-25 16:25:15,226 - 2_build_base - INFO - 
==================================================
[PHASE_START] 2_build_base
Timestamp: Sat Apr 25 16:25:15 2026
==================================================
2026-04-25 16:25:17,712 - src.data_loader - INFO - [BUILD_BASE] Input shape: (500, 108)
2026-04-25 16:25:17,717 - src.data_loader - INFO - [TS_FEATURES] Adding features to df shape (500, 34)
2026-04-25 16:25:17,976 - src.data_loader - INFO - [TS_FEATURES] Concat-ing 450 new features
2026-04-25 16:25:25,252 - src.data_loader - INFO - [EXTREME_INTELLIGENCE] Threshold (P95): 194.0000 | Coverage: 14.60%
2026-04-25 16:25:25,318 - src.data_loader - WARNING - [NAN_FEATURE_BLOCKER] Dropping 5 features with NaN ratio > 15%
2026-04-25 16:25:25,323 - src.data_loader - INFO - [NAN_FEATURE_BLOCKER] Worst 10: {'inter_heavy_item_ratio_x_order_inflow_15m': 0.192, 'warehouse_temp_avg_rel_to_mean_5': 0.168, 'warehouse_temp_avg_rel_to_max_5': 0.168, 'warehouse_temp_avg_rel_rank_5': 0.168, 'warehouse_temp_avg_regime_id': 0.168}
2026-04-25 16:25:27,322 - src.data_loader - WARNING - [CORR_PRUNE] Dropping 283 highly correlated features (threshold=0.85)
2026-04-25 16:25:27,322 - src.data_loader - INFO - [CORR_PRUNE] Sample: ['robot_utilization_recent_max_5', 'robot_idle_is_boundary', 'robot_idle_regime_id', 'avg_trip_distance_recent_max_5', 'near_collision_15m_rolling_mean_5', 'robot_charging_is_boundary', 'blocked_path_15m_rolling_mean_5', 'cold_chain_ratio_rolling_mean_5', 'avg_charge_wait_rolling_std_5', 'near_collision_15m_expanding_mean']...
2026-04-25 16:25:27,548 - src.data_loader - WARNING - [VARIANCE_FLOOR] Dropping 17 near-zero-variance features
2026-04-25 16:25:27,598 - src.data_loader - INFO - 
[FEATURE_HEALTH_SUMMARY]
2026-04-25 16:25:27,598 - src.data_loader - INFO -   - final_feature_count: 425
2026-04-25 16:25:27,598 - src.data_loader - INFO -   - nan_dropped: 5
2026-04-25 16:25:27,598 - src.data_loader - INFO -   - corr_dropped: 283
2026-04-25 16:25:27,598 - src.data_loader - INFO -   - zero_var_dropped: 17
2026-04-25 16:25:27,599 - src.data_loader - INFO -   - pct_remaining_nan_features (>5%): 143 / 425
2026-04-25 16:25:27,599 - src.data_loader - INFO -   - pct_low_variance (<1e-4): 0 / 425
2026-04-25 16:25:27,599 - src.data_loader - INFO -   - max_nan_ratio: 16.80%
2026-04-25 16:25:27,599 - src.data_loader - INFO -   - memory_est_100k_rows: 162.1 MB
2026-04-25 16:25:27,600 - src.data_loader - INFO - [BUILD_BASE] Output shape: (500, 429) | All raw features verified.
2026-04-25 16:25:27,600 - src.data_loader - INFO - [BUILD_BASE] Input shape: (500, 107)
2026-04-25 16:25:27,605 - src.data_loader - INFO - [TS_FEATURES] Adding features to df shape (500, 33)
2026-04-25 16:25:28,363 - src.data_loader - INFO - [TS_FEATURES] Concat-ing 450 new features
2026-04-25 16:25:36,329 - src.data_loader - INFO - [EXTREME_INTELLIGENCE] Threshold (P95): 314.9000 | Coverage: 18.00%
2026-04-25 16:25:36,390 - src.data_loader - WARNING - [NAN_FEATURE_BLOCKER] Dropping 5 features with NaN ratio > 15%
2026-04-25 16:25:36,392 - src.data_loader - INFO - [NAN_FEATURE_BLOCKER] Worst 10: {'inter_heavy_item_ratio_x_order_inflow_15m': 0.206, 'avg_recovery_time_rel_to_mean_5': 0.174, 'avg_recovery_time_rel_to_max_5': 0.174, 'avg_recovery_time_rel_rank_5': 0.174, 'avg_recovery_time_regime_id': 0.174}
2026-04-25 16:25:37,829 - src.data_loader - WARNING - [CORR_PRUNE] Dropping 265 highly correlated features (threshold=0.85)
2026-04-25 16:25:37,829 - src.data_loader - INFO - [CORR_PRUNE] Sample: ['robot_utilization_recent_max_5', 'robot_idle_is_boundary', 'robot_idle_regime_id', 'avg_trip_distance_recent_max_5', 'near_collision_15m_rolling_mean_5', 'robot_charging_is_boundary', 'warehouse_temp_avg_recent_min_5', 'cold_chain_ratio_rolling_mean_5', 'robot_charging_diff_3', 'avg_charge_wait_rolling_std_5']...
2026-04-25 16:25:37,989 - src.data_loader - WARNING - [VARIANCE_FLOOR] Dropping 9 near-zero-variance features
2026-04-25 16:25:38,041 - src.data_loader - INFO - 
[FEATURE_HEALTH_SUMMARY]
2026-04-25 16:25:38,041 - src.data_loader - INFO -   - final_feature_count: 451
2026-04-25 16:25:38,041 - src.data_loader - INFO -   - nan_dropped: 5
2026-04-25 16:25:38,041 - src.data_loader - INFO -   - corr_dropped: 265
2026-04-25 16:25:38,042 - src.data_loader - INFO -   - zero_var_dropped: 9
2026-04-25 16:25:38,042 - src.data_loader - INFO -   - pct_remaining_nan_features (>5%): 152 / 451
2026-04-25 16:25:38,042 - src.data_loader - INFO -   - pct_low_variance (<1e-4): 0 / 451
2026-04-25 16:25:38,042 - src.data_loader - INFO -   - max_nan_ratio: 17.40%
2026-04-25 16:25:38,042 - src.data_loader - INFO -   - memory_est_100k_rows: 172.0 MB
2026-04-25 16:25:38,043 - src.data_loader - INFO - [BUILD_BASE] Output shape: (500, 454) | All raw features verified.
2026-04-25 16:25:38,064 - FILE_IO - INFO - [FILE_IO_TRACE] SAVE_NPY | Path: ./outputs/test_refactor/processed//y_train.npy | Shape: (500,)
2026-04-25 16:25:38,066 - FILE_IO - INFO - \u2713 SAVE_NPY Success: ./outputs/test_refactor/processed//y_train.npy
2026-04-25 16:25:38,072 - FILE_IO - INFO - [FILE_IO_TRACE] SAVE_NPY | Path: ./outputs/test_refactor/processed//scenario_id.npy | Shape: (500,)
2026-04-25 16:25:38,074 - FILE_IO - INFO - \u2713 SAVE_NPY Success: ./outputs/test_refactor/processed//scenario_id.npy
2026-04-25 16:25:38,079 - 2_build_base - INFO - [PHASE_END] 2_build_base | Duration: 22.85s | Status: SUCCESS
==================================================

2026-04-25 16:25:38,082 - 2.5_drift_audit - INFO - [SMOKE_TEST] Capping folds to 2.
2026-04-25 16:25:38,087 - 2.5_drift_audit - INFO - 
==================================================
[PHASE_START] 2.5_drift_audit
Timestamp: Sat Apr 25 16:25:38 2026
==================================================
2026-04-25 16:25:38,160 - src.distribution - INFO - [DRIFT_AUDIT] Analyzing 730 features...
C:\Python313\Lib\site-packages\scipy\stats\_axis_nan_policy.py:592: RuntimeWarning: ks_2samp: Exact calculation unsuccessful. Switching to method=asymp.
  res = hypotest_fun_out(*samples, **kwds)
2026-04-25 16:25:39,604 - src.distribution - INFO - [DRIFT_AUDIT] Drift report saved to ./outputs/test_refactor/summary//distribution/drift_audit_raw.csv
2026-04-25 16:25:39,605 - src.distribution - INFO - [STABILITY_FILTER] Identified 95 unstable features (KS > 0.15)
2026-04-25 16:25:39,606 - src.distribution - INFO - [STABILITY_FILTER] Top unstable: ['congestion_score_expanding_sum', 'max_zone_density_regime_id', 'avg_trip_distance', 'max_zone_density_recent_max_5', 'congestion_score_range_5']
2026-04-25 16:25:39,608 - 2.5_drift_audit - INFO - [DRIFT_AUDIT] 297 stable features identified.
2026-04-25 16:25:39,608 - 2.5_drift_audit - INFO - [PHASE_END] 2.5_drift_audit | Duration: 1.52s | Status: SUCCESS
==================================================

2026-04-25 16:25:39,610 - 3_train_raw - INFO - [SMOKE_TEST] Capping folds to 2.
2026-04-25 16:25:39,613 - 3_train_raw - INFO - 
==================================================
[PHASE_START] 3_train_raw
Timestamp: Sat Apr 25 16:25:39 2026
==================================================
2026-04-25 16:25:39,629 - FILE_IO - INFO - [FILE_IO_TRACE] LOAD_NPY | Path: ./outputs/test_refactor/processed//y_train.npy
2026-04-25 16:25:39,631 - FILE_IO - INFO - \u2713 LOAD_NPY Success: ./outputs/test_refactor/processed//y_train.npy | Shape: (500,)
2026-04-25 16:25:39,633 - FILE_IO - INFO - [FILE_IO_TRACE] LOAD_NPY | Path: ./outputs/test_refactor/processed//scenario_id.npy
2026-04-25 16:25:39,637 - FILE_IO - INFO - \u2713 LOAD_NPY Success: ./outputs/test_refactor/processed//scenario_id.npy | Shape: (500,)
2026-04-25 16:25:40,375 - METRIC_BUILDER - INFO - [METRIC_DISTRIBUTION] mean_ratio=1.0422 | std_ratio=0.7083 | p99_ratio=0.5937
2026-04-25 16:25:40,375 - METRIC_BUILDER - INFO - [TAIL_PERFORMANCE] Q90_MAE=9.3025 | Q99_MAE=35.6101
2026-04-25 16:25:40,381 - FILE_IO - INFO - [FILE_IO_TRACE] SAVE_NPY | Path: ./outputs/test_refactor/processed//oof_raw.npy | Shape: (500,)
2026-04-25 16:25:40,383 - FILE_IO - INFO - \u2713 SAVE_NPY Success: ./outputs/test_refactor/processed//oof_raw.npy
2026-04-25 16:25:40,386 - FILE_IO - INFO - [FILE_IO_TRACE] SAVE_NPY | Path: ./outputs/test_refactor/processed//residuals_raw.npy | Shape: (500,)
2026-04-25 16:25:40,388 - FILE_IO - INFO - \u2713 SAVE_NPY Success: ./outputs/test_refactor/processed//residuals_raw.npy
2026-04-25 16:25:40,388 - 3_train_raw - INFO - [PHASE_END] 3_train_raw | Duration: 0.78s | Status: SUCCESS
==================================================

2026-04-25 16:25:40,391 - 5_train_leakage_free - INFO - [SMOKE_TEST] Capping folds to 2.
2026-04-25 16:25:40,394 - 5_train_leakage_free - INFO - 
==================================================
[PHASE_START] 5_train_leakage_free
Timestamp: Sat Apr 25 16:25:40 2026
==================================================
2026-04-25 16:25:40,414 - FILE_IO - INFO - [FILE_IO_TRACE] LOAD_NPY | Path: ./outputs/test_refactor/processed//y_train.npy
2026-04-25 16:25:40,416 - FILE_IO - INFO - \u2713 LOAD_NPY Success: ./outputs/test_refactor/processed//y_train.npy | Shape: (500,)
2026-04-25 16:25:40,418 - FILE_IO - INFO - [FILE_IO_TRACE] LOAD_NPY | Path: ./outputs/test_refactor/processed//scenario_id.npy
2026-04-25 16:25:40,420 - FILE_IO - INFO - \u2713 LOAD_NPY Success: ./outputs/test_refactor/processed//scenario_id.npy | Shape: (500,)
2026-04-25 16:25:40,420 - src.trainer - INFO - [TRAIN_SHIFT_ROBUST] Starting robust CV loop...
2026-04-25 16:25:40,421 - INTEGRITY_AUDIT - INFO - --- [INTEGRITY_AUDIT] TRAIN_POOL ---
2026-04-25 16:25:40,507 - INTEGRITY_AUDIT - INFO - [INTEGRITY_OK] No identical rows detected.
2026-04-25 16:25:40,595 - INTEGRITY_AUDIT - INFO - Duplicate Rows: 0 | Near-Zero Pairs: 0
2026-04-25 16:25:40,595 - INTEGRITY_AUDIT - INFO - --- [/INTEGRITY_AUDIT] ---
2026-04-25 16:25:40,595 - INTEGRITY_AUDIT - INFO - --- [INTEGRITY_AUDIT] TEST_POOL ---
2026-04-25 16:25:40,684 - INTEGRITY_AUDIT - INFO - [INTEGRITY_OK] No identical rows detected.
2026-04-25 16:25:40,787 - INTEGRITY_AUDIT - INFO - Duplicate Rows: 0 | Near-Zero Pairs: 0
2026-04-25 16:25:40,787 - INTEGRITY_AUDIT - INFO - --- [/INTEGRITY_AUDIT] ---
2026-04-25 16:25:40,789 - src.trainer - INFO - --- FOLD 0 ---
2026-04-25 16:25:40,797 - DriftShieldScaler - INFO - [DRIFT_SHIELD] Fitting on 730 features...
2026-04-25 16:25:41,049 - src.distribution - INFO - [DRIFT_AUDIT] Analyzing 730 features...
2026-04-25 16:25:42,359 - src.distribution - INFO - [STABILITY_FILTER] Identified 76 unstable features (KS > 0.15)
2026-04-25 16:25:42,368 - src.distribution - INFO - [STABILITY_FILTER] Top unstable: ['urgent_order_ratio_expanding_std', 'avg_trip_distance', 'sku_concentration', 'warehouse_temp_avg_recent_max_5', 'battery_std_rolling_mean_5']
2026-04-25 16:25:42,393 - DriftShieldScaler - ERROR - !!! [VARIANCE_COMPRESSION] task_reassign_15m ratio=0.4970 !!!
2026-04-25 16:25:42,448 - DriftShieldScaler - ERROR - !!! [VARIANCE_COMPRESSION] unique_sku_15m_slope_5 ratio=0.3629 !!!
2026-04-25 16:25:42,459 - DriftShieldScaler - ERROR - !!! [VARIANCE_COMPRESSION] avg_items_per_order_slope_5 ratio=0.5762 !!!
2026-04-25 16:25:42,467 - DriftShieldScaler - ERROR - !!! [VARIANCE_COMPRESSION] urgent_order_ratio_slope_5 ratio=0.5505 !!!
2026-04-25 16:25:42,477 - DriftShieldScaler - ERROR - !!! [VARIANCE_COMPRESSION] heavy_item_ratio_rate_1 ratio=0.4880 !!!
2026-04-25 16:25:42,487 - DriftShieldScaler - ERROR - !!! [VARIANCE_COMPRESSION] cold_chain_ratio_rate_1 ratio=0.5460 !!!
2026-04-25 16:25:42,493 - DriftShieldScaler - ERROR - !!! [VARIANCE_COMPRESSION] sku_concentration_slope_5 ratio=0.3038 !!!
2026-04-25 16:25:42,507 - DriftShieldScaler - ERROR - !!! [VARIANCE_COMPRESSION] robot_charging_slope_5 ratio=0.4426 !!!
2026-04-25 16:25:42,515 - DriftShieldScaler - ERROR - !!! [VARIANCE_COMPRESSION] avg_trip_distance_slope_5 ratio=0.5520 !!!
2026-04-25 16:25:42,521 - DriftShieldScaler - ERROR - !!! [VARIANCE_COMPRESSION] task_reassign_15m_diff_1 ratio=0.2366 !!!
2026-04-25 16:25:42,522 - DriftShieldScaler - ERROR - !!! [VARIANCE_COMPRESSION] task_reassign_15m_diff_3 ratio=0.5093 !!!
2026-04-25 16:25:42,523 - DriftShieldScaler - ERROR - !!! [VARIANCE_COMPRESSION] task_reassign_15m_rate_1 ratio=0.0000 !!!
2026-04-25 16:25:42,524 - DriftShieldScaler - ERROR - !!! [VARIANCE_COMPRESSION] task_reassign_15m_slope_5 ratio=0.5800 !!!
2026-04-25 16:25:42,533 - DriftShieldScaler - ERROR - !!! [VARIANCE_COMPRESSION] task_reassign_15m_accel ratio=0.3437 !!!
2026-04-25 16:25:42,565 - DriftShieldScaler - ERROR - !!! [VARIANCE_COMPRESSION] charge_queue_length_diff_1 ratio=0.1719 !!!
2026-04-25 16:25:42,568 - DriftShieldScaler - ERROR - !!! [VARIANCE_COMPRESSION] charge_queue_length_rate_1 ratio=0.2025 !!!
2026-04-25 16:25:42,573 - DriftShieldScaler - ERROR - !!! [VARIANCE_COMPRESSION] charge_queue_length_accel ratio=0.2794 !!!
2026-04-25 16:25:42,574 - DriftShieldScaler - ERROR - !!! [VARIANCE_COMPRESSION] charge_queue_length_consecutive_above_q75 ratio=0.0000 !!!
2026-04-25 16:25:42,577 - DriftShieldScaler - ERROR - !!! [VARIANCE_COMPRESSION] avg_charge_wait_rate_1 ratio=0.1588 !!!
2026-04-25 16:25:42,591 - DriftShieldScaler - ERROR - !!! [VARIANCE_COMPRESSION] congestion_score_slope_5 ratio=0.4888 !!!
2026-04-25 16:25:42,604 - DriftShieldScaler - ERROR - !!! [VARIANCE_COMPRESSION] max_zone_density_slope_5 ratio=0.5397 !!!
2026-04-25 16:25:42,615 - DriftShieldScaler - ERROR - !!! [VARIANCE_COMPRESSION] blocked_path_15m_rate_1 ratio=0.3604 !!!
2026-04-25 16:25:42,622 - DriftShieldScaler - ERROR - !!! [VARIANCE_COMPRESSION] near_collision_15m_rate_1 ratio=0.5100 !!!
2026-04-25 16:25:42,628 - DriftShieldScaler - ERROR - !!! [VARIANCE_COMPRESSION] fault_count_15m_rate_1 ratio=0.4981 !!!
2026-04-25 16:25:42,647 - DriftShieldScaler - ERROR - !!! [VARIANCE_COMPRESSION] pack_utilization_rate_1 ratio=0.3999 !!!
2026-04-25 16:25:42,648 - DriftShieldScaler - ERROR - !!! [VARIANCE_COMPRESSION] pack_utilization_slope_5 ratio=0.5880 !!!
2026-04-25 16:25:42,654 - DriftShieldScaler - ERROR - !!! [VARIANCE_COMPRESSION] manual_override_ratio_slope_5 ratio=0.5477 !!!
2026-04-25 16:25:42,675 - DriftShieldScaler - ERROR - !!! [VARIANCE_COMPRESSION] day_of_week_slope_5 ratio=0.5799 !!!
2026-04-25 16:25:42,685 - DriftShieldScaler - ERROR - !!! [VARIANCE_COMPRESSION] air_quality_idx_rate_1 ratio=0.0414 !!!
2026-04-25 16:25:42,706 - 5_train_leakage_free - ERROR - [PHASE_FAILED] 5_train_leakage_free
2026-04-25 16:25:42,706 - 5_train_leakage_free - ERROR - Last Successful Checkpoint: PHASE_START
2026-04-25 16:25:42,707 - 5_train_leakage_free - ERROR - Reason: "['timestep_index', 'normalized_time', 'cold_start_flag', 'order_inflow_15m_rolling_mean_3', 'order_inflow_15m_rolling_mean_5', 'order_inflow_15m_rolling_std_5', 'order_inflow_15m_diff_1', 'order_inflow_15m_rate_1', 'order_inflow_15m_expanding_mean', 'order_inflow_15m_expanding_std', 'order_inflow_15m_rel_to_mean_5', 'order_inflow_15m_regime_id', 'unique_sku_15m_rolling_mean_3', 'unique_sku_15m_rolling_mean_5', 'unique_sku_15m_rolling_std_5', 'unique_sku_15m_diff_1', 'unique_sku_15m_recent_max_5', 'unique_sku_15m_recent_min_5', 'unique_sku_15m_expanding_mean', 'unique_sku_15m_expanding_std', 'avg_items_per_order_rolling_mean_3', 'avg_items_per_order_rolling_mean_5', 'avg_items_per_order_rolling_std_3', 'avg_items_per_order_rolling_std_5', 'avg_items_per_order_diff_1', 'avg_items_per_order_recent_max_5', 'avg_items_per_order_recent_min_5', 'avg_items_per_order_expanding_mean', 'avg_items_per_order_expanding_std', 'avg_items_per_order_regime_id', 'urgent_order_ratio_rolling_mean_3', 'urgent_order_ratio_rolling_mean_5', 'urgent_order_ratio_rolling_std_5', 'urgent_order_ratio_diff_1', 'urgent_order_ratio_recent_min_5', 'urgent_order_ratio_expanding_mean', 'urgent_order_ratio_expanding_sum', 'urgent_order_ratio_regime_id', 'heavy_item_ratio_rolling_mean_5', 'heavy_item_ratio_rolling_std_5', 'heavy_item_ratio_diff_1', 'heavy_item_ratio_recent_min_5', 'heavy_item_ratio_expanding_mean', 'heavy_item_ratio_regime_id', 'cold_chain_ratio_rolling_mean_5', 'cold_chain_ratio_rolling_std_5', 'cold_chain_ratio_diff_1', 'cold_chain_ratio_recent_min_5', 'cold_chain_ratio_expanding_mean', 'cold_chain_ratio_regime_id', 'sku_concentration_rolling_mean_3', 'sku_concentration_rolling_mean_5', 'sku_concentration_rolling_std_3', 'sku_concentration_rolling_std_5', 'sku_concentration_diff_1', 'sku_concentration_recent_max_5', 'sku_concentration_recent_min_5', 'sku_concentration_range_5', 'sku_concentration_expanding_mean', 'sku_concentration_expanding_std', 'sku_concentration_rel_to_mean_5', 'sku_concentration_rel_to_max_5', 'sku_concentration_accel', 'sku_concentration_volatility_expansion_std', 'sku_concentration_volatility_expansion_range', 'sku_concentration_regime_id', 'sku_concentration_consecutive_above_q75', 'robot_active_rolling_mean_3', 'robot_active_rolling_mean_5', 'robot_active_rolling_std_5', 'robot_active_rate_1', 'robot_active_recent_min_5', 'robot_active_expanding_mean', 'robot_active_expanding_sum', 'robot_active_expanding_std', 'robot_active_rel_to_mean_5', 'robot_active_rel_to_max_5', 'robot_active_volatility_expansion_range', 'robot_active_regime_id', 'robot_idle_rolling_mean_3', 'robot_idle_rolling_mean_5', 'robot_idle_rolling_std_5', 'robot_idle_diff_1', 'robot_idle_recent_max_5', 'robot_idle_recent_min_5', 'robot_idle_expanding_mean', 'robot_idle_is_boundary', 'robot_idle_accel', 'robot_idle_volatility_expansion_range', 'robot_idle_regime_id', 'robot_charging_rolling_mean_3', 'robot_charging_rolling_mean_5', 'robot_charging_rolling_std_3', 'robot_charging_rolling_std_5', 'robot_charging_recent_max_5', 'robot_charging_recent_min_5', 'robot_charging_expanding_mean', 'robot_charging_expanding_sum', 'robot_charging_expanding_std', 'robot_charging_is_boundary', 'robot_charging_volatility_expansion_range', 'robot_charging_regime_id', 'robot_utilization_rolling_mean_3', 'robot_utilization_rolling_mean_5', 'robot_utilization_rolling_std_5', 'robot_utilization_diff_1', 'robot_utilization_diff_3', 'robot_utilization_rate_1', 'robot_utilization_recent_max_5', 'robot_utilization_recent_min_5', 'robot_utilization_expanding_mean', 'robot_utilization_is_boundary', 'robot_utilization_rel_to_mean_5', 'robot_utilization_rel_to_max_5', 'robot_utilization_rel_rank_5', 'robot_utilization_accel', 'robot_utilization_volatility_expansion_std', 'robot_utilization_volatility_expansion_range', 'robot_utilization_regime_id', 'robot_utilization_consecutive_above_q75', 'avg_trip_distance_rolling_mean_3', 'avg_trip_distance_rolling_mean_5', 'avg_trip_distance_rolling_std_3', 'avg_trip_distance_rolling_std_5', 'avg_trip_distance_diff_1', 'avg_trip_distance_recent_max_5', 'avg_trip_distance_recent_min_5', 'avg_trip_distance_expanding_mean', 'avg_trip_distance_accel', 'avg_trip_distance_regime_id', 'task_reassign_15m_rolling_mean_3', 'task_reassign_15m_rolling_mean_5', 'task_reassign_15m_rolling_std_5', 'task_reassign_15m_recent_min_5', 'task_reassign_15m_range_5', 'task_reassign_15m_expanding_sum', 'task_reassign_15m_expanding_std', 'task_reassign_15m_rel_to_max_5', 'task_reassign_15m_volatility_expansion_range', 'task_reassign_15m_regime_id', 'battery_std_rolling_mean_3', 'battery_std_rolling_std_5', 'battery_std_diff_1', 'battery_std_rate_1', 'battery_std_recent_max_5', 'battery_std_recent_min_5', 'battery_std_expanding_mean', 'battery_std_expanding_sum', 'battery_std_volatility_expansion_range', 'low_battery_ratio_rolling_mean_3', 'low_battery_ratio_rolling_mean_5', 'low_battery_ratio_rolling_std_5', 'low_battery_ratio_recent_max_5', 'low_battery_ratio_recent_min_5', 'low_battery_ratio_expanding_mean', 'low_battery_ratio_expanding_sum', 'low_battery_ratio_expanding_std', 'low_battery_ratio_volatility_expansion_range', 'low_battery_ratio_regime_id', 'charge_queue_length_rolling_mean_3', 'charge_queue_length_rolling_mean_5', 'charge_queue_length_rolling_std_5', 'charge_queue_length_recent_max_5', 'charge_queue_length_recent_min_5', 'charge_queue_length_expanding_mean', 'charge_queue_length_expanding_sum', 'charge_queue_length_expanding_std', 'charge_queue_length_rel_to_mean_5', 'charge_queue_length_rel_to_max_5', 'charge_queue_length_volatility_expansion_range', 'charge_queue_length_regime_id', 'avg_charge_wait_rolling_mean_3', 'avg_charge_wait_rolling_mean_5', 'avg_charge_wait_rolling_std_5', 'avg_charge_wait_diff_1', 'avg_charge_wait_slope_5', 'avg_charge_wait_recent_max_5', 'avg_charge_wait_recent_min_5', 'avg_charge_wait_expanding_mean', 'avg_charge_wait_expanding_std', 'avg_charge_wait_volatility_expansion_range', 'avg_charge_wait_regime_id', 'congestion_score_rolling_mean_3', 'congestion_score_rolling_mean_5', 'congestion_score_rolling_std_3', 'congestion_score_rolling_std_5', 'congestion_score_recent_max_5', 'congestion_score_recent_min_5', 'congestion_score_expanding_std', 'congestion_score_volatility_expansion_range', 'congestion_score_regime_id', 'max_zone_density_rolling_mean_3', 'max_zone_density_rolling_mean_5', 'max_zone_density_rolling_std_5', 'max_zone_density_recent_min_5', 'max_zone_density_range_5', 'max_zone_density_expanding_mean', 'max_zone_density_expanding_sum', 'max_zone_density_expanding_std', 'max_zone_density_rel_to_max_5', 'max_zone_density_volatility_expansion_range', 'blocked_path_15m_rolling_mean_3', 'blocked_path_15m_rolling_mean_5', 'blocked_path_15m_rolling_std_3', 'blocked_path_15m_rolling_std_5', 'blocked_path_15m_slope_5', 'blocked_path_15m_recent_max_5', 'blocked_path_15m_expanding_mean', 'blocked_path_15m_expanding_sum', 'blocked_path_15m_expanding_std', 'blocked_path_15m_rel_to_max_5', 'blocked_path_15m_volatility_expansion_range', 'blocked_path_15m_regime_id', 'near_collision_15m_rolling_mean_3', 'near_collision_15m_rolling_mean_5', 'near_collision_15m_rolling_std_3', 'near_collision_15m_rolling_std_5', 'near_collision_15m_diff_1', 'near_collision_15m_range_5', 'near_collision_15m_expanding_mean', 'near_collision_15m_expanding_sum', 'near_collision_15m_expanding_std', 'near_collision_15m_rel_to_max_5', 'near_collision_15m_volatility_expansion_range', 'near_collision_15m_regime_id', 'fault_count_15m_rolling_mean_3', 'fault_count_15m_rolling_mean_5', 'fault_count_15m_rolling_std_5', 'fault_count_15m_diff_1', 'fault_count_15m_range_5', 'fault_count_15m_expanding_mean', 'fault_count_15m_expanding_sum', 'fault_count_15m_expanding_std', 'fault_count_15m_rel_to_max_5', 'fault_count_15m_volatility_expansion_range', 'fault_count_15m_regime_id', 'avg_recovery_time_rolling_mean_5', 'avg_recovery_time_rolling_std_5', 'avg_recovery_time_diff_1', 'avg_recovery_time_range_5', 'avg_recovery_time_expanding_mean', 'avg_recovery_time_expanding_sum', 'avg_recovery_time_rel_to_max_5', 'avg_recovery_time_volatility_expansion_std', 'avg_recovery_time_volatility_expansion_range', 'avg_recovery_time_regime_id', 'replenishment_overlap_rolling_mean_5', 'replenishment_overlap_rolling_std_5', 'replenishment_overlap_range_5', 'replenishment_overlap_expanding_mean', 'replenishment_overlap_rel_to_max_5', 'replenishment_overlap_volatility_expansion_range', 'pack_utilization_rolling_mean_3', 'pack_utilization_rolling_mean_5', 'pack_utilization_rolling_std_3', 'pack_utilization_rolling_std_5', 'pack_utilization_diff_1', 'pack_utilization_recent_min_5', 'pack_utilization_expanding_mean', 'pack_utilization_volatility_expansion_range', 'pack_utilization_regime_id', 'manual_override_ratio_rolling_mean_3', 'manual_override_ratio_rolling_mean_5', 'manual_override_ratio_rolling_std_3', 'manual_override_ratio_rolling_std_5', 'manual_override_ratio_diff_1', 'manual_override_ratio_recent_min_5', 'manual_override_ratio_range_5', 'manual_override_ratio_expanding_mean', 'manual_override_ratio_volatility_expansion_range', 'manual_override_ratio_regime_id', 'warehouse_temp_avg_rolling_mean_3', 'warehouse_temp_avg_rolling_mean_5', 'warehouse_temp_avg_rolling_std_5', 'warehouse_temp_avg_diff_1', 'warehouse_temp_avg_rate_1', 'warehouse_temp_avg_recent_min_5', 'warehouse_temp_avg_expanding_mean', 'warehouse_temp_avg_rel_to_mean_5', 'warehouse_temp_avg_rel_to_max_5', 'warehouse_temp_avg_rel_rank_5', 'warehouse_temp_avg_regime_id', 'humidity_pct_rolling_mean_3', 'humidity_pct_rolling_mean_5', 'humidity_pct_rolling_std_5', 'humidity_pct_diff_1', 'humidity_pct_rate_1', 'humidity_pct_recent_max_5', 'humidity_pct_recent_min_5', 'humidity_pct_expanding_mean', 'humidity_pct_regime_id', 'day_of_week_rolling_mean_3', 'day_of_week_rolling_mean_5', 'day_of_week_rolling_std_5', 'day_of_week_diff_1', 'day_of_week_recent_min_5', 'day_of_week_expanding_mean', 'day_of_week_regime_id', 'air_quality_idx_rolling_mean_3', 'air_quality_idx_rolling_mean_5', 'air_quality_idx_diff_1', 'air_quality_idx_recent_min_5', 'air_quality_idx_expanding_mean', 'air_quality_idx_regime_id', 'inter_heavy_item_ratio_x_order_inflow_15m'] not in index"
2026-04-25 16:25:42,719 - 5_train_leakage_free - ERROR - Traceback:
Traceback (most recent call last):
  File "C:\Github_public\my_dacon_project\my-dacon-project-2026-04\main.py", line 186, in run_phase
    mae_final, oof_final = trainer.fit_leakage_free_model()
                           ~~~~~~~~~~~~~~~~~~~~~~~~~~~~~~^^
  File "C:\Github_public\my_dacon_project\my-dacon-project-2026-04\src\trainer.py", line 103, in fit_leakage_free_model
    tr_df_scaled_all[FEATURE_SCHEMA['raw_features']] = norm_scaler.fit_transform(tr_df_drifted[FEATURE_SCHEMA['raw_features']])
                                                                                 ~~~~~~~~~~~~~^^^^^^^^^^^^^^^^^^^^^^^^^^^^^^^^
  File "C:\Python313\Lib\site-packages\pandas\core\frame.py", line 4384, in __getitem__
    indexer = self.columns._get_indexer_strict(key, "columns")[1]
              ~~~~~~~~~~~~~~~~~~~~~~~~~~~~~~~~^^^^^^^^^^^^^^^^
  File "C:\Python313\Lib\site-packages\pandas\core\indexes\base.py", line 6302, in _get_indexer_strict
    self._raise_if_missing(keyarr, indexer, axis_name)
    ~~~~~~~~~~~~~~~~~~~~~~^^^^^^^^^^^^^^^^^^^^^^^^^^^^
  File "C:\Python313\Lib\site-packages\pandas\core\indexes\base.py", line 6355, in _raise_if_missing
    raise KeyError(f"{not_found} not in index")
KeyError: "['timestep_index', 'normalized_time', 'cold_start_flag', 'order_inflow_15m_rolling_mean_3', 'order_inflow_15m_rolling_mean_5', 'order_inflow_15m_rolling_std_5', 'order_inflow_15m_diff_1', 'order_inflow_15m_rate_1', 'order_inflow_15m_expanding_mean', 'order_inflow_15m_expanding_std', 'order_inflow_15m_rel_to_mean_5', 'order_inflow_15m_regime_id', 'unique_sku_15m_rolling_mean_3', 'unique_sku_15m_rolling_mean_5', 'unique_sku_15m_rolling_std_5', 'unique_sku_15m_diff_1', 'unique_sku_15m_recent_max_5', 'unique_sku_15m_recent_min_5', 'unique_sku_15m_expanding_mean', 'unique_sku_15m_expanding_std', 'avg_items_per_order_rolling_mean_3', 'avg_items_per_order_rolling_mean_5', 'avg_items_per_order_rolling_std_3', 'avg_items_per_order_rolling_std_5', 'avg_items_per_order_diff_1', 'avg_items_per_order_recent_max_5', 'avg_items_per_order_recent_min_5', 'avg_items_per_order_expanding_mean', 'avg_items_per_order_expanding_std', 'avg_items_per_order_regime_id', 'urgent_order_ratio_rolling_mean_3', 'urgent_order_ratio_rolling_mean_5', 'urgent_order_ratio_rolling_std_5', 'urgent_order_ratio_diff_1', 'urgent_order_ratio_recent_min_5', 'urgent_order_ratio_expanding_mean', 'urgent_order_ratio_expanding_sum', 'urgent_order_ratio_regime_id', 'heavy_item_ratio_rolling_mean_5', 'heavy_item_ratio_rolling_std_5', 'heavy_item_ratio_diff_1', 'heavy_item_ratio_recent_min_5', 'heavy_item_ratio_expanding_mean', 'heavy_item_ratio_regime_id', 'cold_chain_ratio_rolling_mean_5', 'cold_chain_ratio_rolling_std_5', 'cold_chain_ratio_diff_1', 'cold_chain_ratio_recent_min_5', 'cold_chain_ratio_expanding_mean', 'cold_chain_ratio_regime_id', 'sku_concentration_rolling_mean_3', 'sku_concentration_rolling_mean_5', 'sku_concentration_rolling_std_3', 'sku_concentration_rolling_std_5', 'sku_concentration_diff_1', 'sku_concentration_recent_max_5', 'sku_concentration_recent_min_5', 'sku_concentration_range_5', 'sku_concentration_expanding_mean', 'sku_concentration_expanding_std', 'sku_concentration_rel_to_mean_5', 'sku_concentration_rel_to_max_5', 'sku_concentration_accel', 'sku_concentration_volatility_expansion_std', 'sku_concentration_volatility_expansion_range', 'sku_concentration_regime_id', 'sku_concentration_consecutive_above_q75', 'robot_active_rolling_mean_3', 'robot_active_rolling_mean_5', 'robot_active_rolling_std_5', 'robot_active_rate_1', 'robot_active_recent_min_5', 'robot_active_expanding_mean', 'robot_active_expanding_sum', 'robot_active_expanding_std', 'robot_active_rel_to_mean_5', 'robot_active_rel_to_max_5', 'robot_active_volatility_expansion_range', 'robot_active_regime_id', 'robot_idle_rolling_mean_3', 'robot_idle_rolling_mean_5', 'robot_idle_rolling_std_5', 'robot_idle_diff_1', 'robot_idle_recent_max_5', 'robot_idle_recent_min_5', 'robot_idle_expanding_mean', 'robot_idle_is_boundary', 'robot_idle_accel', 'robot_idle_volatility_expansion_range', 'robot_idle_regime_id', 'robot_charging_rolling_mean_3', 'robot_charging_rolling_mean_5', 'robot_charging_rolling_std_3', 'robot_charging_rolling_std_5', 'robot_charging_recent_max_5', 'robot_charging_recent_min_5', 'robot_charging_expanding_mean', 'robot_charging_expanding_sum', 'robot_charging_expanding_std', 'robot_charging_is_boundary', 'robot_charging_volatility_expansion_range', 'robot_charging_regime_id', 'robot_utilization_rolling_mean_3', 'robot_utilization_rolling_mean_5', 'robot_utilization_rolling_std_5', 'robot_utilization_diff_1', 'robot_utilization_diff_3', 'robot_utilization_rate_1', 'robot_utilization_recent_max_5', 'robot_utilization_recent_min_5', 'robot_utilization_expanding_mean', 'robot_utilization_is_boundary', 'robot_utilization_rel_to_mean_5', 'robot_utilization_rel_to_max_5', 'robot_utilization_rel_rank_5', 'robot_utilization_accel', 'robot_utilization_volatility_expansion_std', 'robot_utilization_volatility_expansion_range', 'robot_utilization_regime_id', 'robot_utilization_consecutive_above_q75', 'avg_trip_distance_rolling_mean_3', 'avg_trip_distance_rolling_mean_5', 'avg_trip_distance_rolling_std_3', 'avg_trip_distance_rolling_std_5', 'avg_trip_distance_diff_1', 'avg_trip_distance_recent_max_5', 'avg_trip_distance_recent_min_5', 'avg_trip_distance_expanding_mean', 'avg_trip_distance_accel', 'avg_trip_distance_regime_id', 'task_reassign_15m_rolling_mean_3', 'task_reassign_15m_rolling_mean_5', 'task_reassign_15m_rolling_std_5', 'task_reassign_15m_recent_min_5', 'task_reassign_15m_range_5', 'task_reassign_15m_expanding_sum', 'task_reassign_15m_expanding_std', 'task_reassign_15m_rel_to_max_5', 'task_reassign_15m_volatility_expansion_range', 'task_reassign_15m_regime_id', 'battery_std_rolling_mean_3', 'battery_std_rolling_std_5', 'battery_std_diff_1', 'battery_std_rate_1', 'battery_std_recent_max_5', 'battery_std_recent_min_5', 'battery_std_expanding_mean', 'battery_std_expanding_sum', 'battery_std_volatility_expansion_range', 'low_battery_ratio_rolling_mean_3', 'low_battery_ratio_rolling_mean_5', 'low_battery_ratio_rolling_std_5', 'low_battery_ratio_recent_max_5', 'low_battery_ratio_recent_min_5', 'low_battery_ratio_expanding_mean', 'low_battery_ratio_expanding_sum', 'low_battery_ratio_expanding_std', 'low_battery_ratio_volatility_expansion_range', 'low_battery_ratio_regime_id', 'charge_queue_length_rolling_mean_3', 'charge_queue_length_rolling_mean_5', 'charge_queue_length_rolling_std_5', 'charge_queue_length_recent_max_5', 'charge_queue_length_recent_min_5', 'charge_queue_length_expanding_mean', 'charge_queue_length_expanding_sum', 'charge_queue_length_expanding_std', 'charge_queue_length_rel_to_mean_5', 'charge_queue_length_rel_to_max_5', 'charge_queue_length_volatility_expansion_range', 'charge_queue_length_regime_id', 'avg_charge_wait_rolling_mean_3', 'avg_charge_wait_rolling_mean_5', 'avg_charge_wait_rolling_std_5', 'avg_charge_wait_diff_1', 'avg_charge_wait_slope_5', 'avg_charge_wait_recent_max_5', 'avg_charge_wait_recent_min_5', 'avg_charge_wait_expanding_mean', 'avg_charge_wait_expanding_std', 'avg_charge_wait_volatility_expansion_range', 'avg_charge_wait_regime_id', 'congestion_score_rolling_mean_3', 'congestion_score_rolling_mean_5', 'congestion_score_rolling_std_3', 'congestion_score_rolling_std_5', 'congestion_score_recent_max_5', 'congestion_score_recent_min_5', 'congestion_score_expanding_std', 'congestion_score_volatility_expansion_range', 'congestion_score_regime_id', 'max_zone_density_rolling_mean_3', 'max_zone_density_rolling_mean_5', 'max_zone_density_rolling_std_5', 'max_zone_density_recent_min_5', 'max_zone_density_range_5', 'max_zone_density_expanding_mean', 'max_zone_density_expanding_sum', 'max_zone_density_expanding_std', 'max_zone_density_rel_to_max_5', 'max_zone_density_volatility_expansion_range', 'blocked_path_15m_rolling_mean_3', 'blocked_path_15m_rolling_mean_5', 'blocked_path_15m_rolling_std_3', 'blocked_path_15m_rolling_std_5', 'blocked_path_15m_slope_5', 'blocked_path_15m_recent_max_5', 'blocked_path_15m_expanding_mean', 'blocked_path_15m_expanding_sum', 'blocked_path_15m_expanding_std', 'blocked_path_15m_rel_to_max_5', 'blocked_path_15m_volatility_expansion_range', 'blocked_path_15m_regime_id', 'near_collision_15m_rolling_mean_3', 'near_collision_15m_rolling_mean_5', 'near_collision_15m_rolling_std_3', 'near_collision_15m_rolling_std_5', 'near_collision_15m_diff_1', 'near_collision_15m_range_5', 'near_collision_15m_expanding_mean', 'near_collision_15m_expanding_sum', 'near_collision_15m_expanding_std', 'near_collision_15m_rel_to_max_5', 'near_collision_15m_volatility_expansion_range', 'near_collision_15m_regime_id', 'fault_count_15m_rolling_mean_3', 'fault_count_15m_rolling_mean_5', 'fault_count_15m_rolling_std_5', 'fault_count_15m_diff_1', 'fault_count_15m_range_5', 'fault_count_15m_expanding_mean', 'fault_count_15m_expanding_sum', 'fault_count_15m_expanding_std', 'fault_count_15m_rel_to_max_5', 'fault_count_15m_volatility_expansion_range', 'fault_count_15m_regime_id', 'avg_recovery_time_rolling_mean_5', 'avg_recovery_time_rolling_std_5', 'avg_recovery_time_diff_1', 'avg_recovery_time_range_5', 'avg_recovery_time_expanding_mean', 'avg_recovery_time_expanding_sum', 'avg_recovery_time_rel_to_max_5', 'avg_recovery_time_volatility_expansion_std', 'avg_recovery_time_volatility_expansion_range', 'avg_recovery_time_regime_id', 'replenishment_overlap_rolling_mean_5', 'replenishment_overlap_rolling_std_5', 'replenishment_overlap_range_5', 'replenishment_overlap_expanding_mean', 'replenishment_overlap_rel_to_max_5', 'replenishment_overlap_volatility_expansion_range', 'pack_utilization_rolling_mean_3', 'pack_utilization_rolling_mean_5', 'pack_utilization_rolling_std_3', 'pack_utilization_rolling_std_5', 'pack_utilization_diff_1', 'pack_utilization_recent_min_5', 'pack_utilization_expanding_mean', 'pack_utilization_volatility_expansion_range', 'pack_utilization_regime_id', 'manual_override_ratio_rolling_mean_3', 'manual_override_ratio_rolling_mean_5', 'manual_override_ratio_rolling_std_3', 'manual_override_ratio_rolling_std_5', 'manual_override_ratio_diff_1', 'manual_override_ratio_recent_min_5', 'manual_override_ratio_range_5', 'manual_override_ratio_expanding_mean', 'manual_override_ratio_volatility_expansion_range', 'manual_override_ratio_regime_id', 'warehouse_temp_avg_rolling_mean_3', 'warehouse_temp_avg_rolling_mean_5', 'warehouse_temp_avg_rolling_std_5', 'warehouse_temp_avg_diff_1', 'warehouse_temp_avg_rate_1', 'warehouse_temp_avg_recent_min_5', 'warehouse_temp_avg_expanding_mean', 'warehouse_temp_avg_rel_to_mean_5', 'warehouse_temp_avg_rel_to_max_5', 'warehouse_temp_avg_rel_rank_5', 'warehouse_temp_avg_regime_id', 'humidity_pct_rolling_mean_3', 'humidity_pct_rolling_mean_5', 'humidity_pct_rolling_std_5', 'humidity_pct_diff_1', 'humidity_pct_rate_1', 'humidity_pct_recent_max_5', 'humidity_pct_recent_min_5', 'humidity_pct_expanding_mean', 'humidity_pct_regime_id', 'day_of_week_rolling_mean_3', 'day_of_week_rolling_mean_5', 'day_of_week_rolling_std_5', 'day_of_week_diff_1', 'day_of_week_recent_min_5', 'day_of_week_expanding_mean', 'day_of_week_regime_id', 'air_quality_idx_rolling_mean_3', 'air_quality_idx_rolling_mean_5', 'air_quality_idx_diff_1', 'air_quality_idx_recent_min_5', 'air_quality_idx_expanding_mean', 'air_quality_idx_regime_id', 'inter_heavy_item_ratio_x_order_inflow_15m'] not in index"

Memory reduced: 213.60MB -> 114.42MB
Memory reduced: 42.29MB -> 22.64MB
Memory reduced: 213.60MB -> 114.42MB
Memory reduced: 42.29MB -> 22.64MB
DEBUG: missing from test: []
Training until validation scores don't improve for 50 rounds
Early stopping, best iteration is:
[43]	valid_0's l1: 4.30244
Training until validation scores don't improve for 50 rounds
Did not meet early stopping. Best iteration is:
[98]	valid_0's l1: 4.87458
Traceback (most recent call last):
  File "C:\Github_public\my_dacon_project\my-dacon-project-2026-04\main.py", line 278, in <module>
    main()
    ~~~~^^
  File "C:\Github_public\my_dacon_project\my-dacon-project-2026-04\main.py", line 273, in main
    run_phase(p, args.mode, smoke_test=args.smoke_test)
    ~~~~~~~~~^^^^^^^^^^^^^^^^^^^^^^^^^^^^^^^^^^^^^^^^^^
  File "C:\Github_public\my_dacon_project\my-dacon-project-2026-04\main.py", line 186, in run_phase
    mae_final, oof_final = trainer.fit_leakage_free_model()
                           ~~~~~~~~~~~~~~~~~~~~~~~~~~~~~~^^
  File "C:\Github_public\my_dacon_project\my-dacon-project-2026-04\src\trainer.py", line 103, in fit_leakage_free_model
    tr_df_scaled_all[FEATURE_SCHEMA['raw_features']] = norm_scaler.fit_transform(tr_df_drifted[FEATURE_SCHEMA['raw_features']])
                                                                                 ~~~~~~~~~~~~~^^^^^^^^^^^^^^^^^^^^^^^^^^^^^^^^
  File "C:\Python313\Lib\site-packages\pandas\core\frame.py", line 4384, in __getitem__
    indexer = self.columns._get_indexer_strict(key, "columns")[1]
              ~~~~~~~~~~~~~~~~~~~~~~~~~~~~~~~~^^^^^^^^^^^^^^^^
  File "C:\Python313\Lib\site-packages\pandas\core\indexes\base.py", line 6302, in _get_indexer_strict
    self._raise_if_missing(keyarr, indexer, axis_name)
    ~~~~~~~~~~~~~~~~~~~~~~^^^^^^^^^^^^^^^^^^^^^^^^^^^^
  File "C:\Python313\Lib\site-packages\pandas\core\indexes\base.py", line 6355, in _raise_if_missing
    raise KeyError(f"{not_found} not in index")
KeyError: "['timestep_index', 'normalized_time', 'cold_start_flag', 'order_inflow_15m_rolling_mean_3', 'order_inflow_15m_rolling_mean_5', 'order_inflow_15m_rolling_std_5', 'order_inflow_15m_diff_1', 'order_inflow_15m_rate_1', 'order_inflow_15m_expanding_mean', 'order_inflow_15m_expanding_std', 'order_inflow_15m_rel_to_mean_5', 'order_inflow_15m_regime_id', 'unique_sku_15m_rolling_mean_3', 'unique_sku_15m_rolling_mean_5', 'unique_sku_15m_rolling_std_5', 'unique_sku_15m_diff_1', 'unique_sku_15m_recent_max_5', 'unique_sku_15m_recent_min_5', 'unique_sku_15m_expanding_mean', 'unique_sku_15m_expanding_std', 'avg_items_per_order_rolling_mean_3', 'avg_items_per_order_rolling_mean_5', 'avg_items_per_order_rolling_std_3', 'avg_items_per_order_rolling_std_5', 'avg_items_per_order_diff_1', 'avg_items_per_order_recent_max_5', 'avg_items_per_order_recent_min_5', 'avg_items_per_order_expanding_mean', 'avg_items_per_order_expanding_std', 'avg_items_per_order_regime_id', 'urgent_order_ratio_rolling_mean_3', 'urgent_order_ratio_rolling_mean_5', 'urgent_order_ratio_rolling_std_5', 'urgent_order_ratio_diff_1', 'urgent_order_ratio_recent_min_5', 'urgent_order_ratio_expanding_mean', 'urgent_order_ratio_expanding_sum', 'urgent_order_ratio_regime_id', 'heavy_item_ratio_rolling_mean_5', 'heavy_item_ratio_rolling_std_5', 'heavy_item_ratio_diff_1', 'heavy_item_ratio_recent_min_5', 'heavy_item_ratio_expanding_mean', 'heavy_item_ratio_regime_id', 'cold_chain_ratio_rolling_mean_5', 'cold_chain_ratio_rolling_std_5', 'cold_chain_ratio_diff_1', 'cold_chain_ratio_recent_min_5', 'cold_chain_ratio_expanding_mean', 'cold_chain_ratio_regime_id', 'sku_concentration_rolling_mean_3', 'sku_concentration_rolling_mean_5', 'sku_concentration_rolling_std_3', 'sku_concentration_rolling_std_5', 'sku_concentration_diff_1', 'sku_concentration_recent_max_5', 'sku_concentration_recent_min_5', 'sku_concentration_range_5', 'sku_concentration_expanding_mean', 'sku_concentration_expanding_std', 'sku_concentration_rel_to_mean_5', 'sku_concentration_rel_to_max_5', 'sku_concentration_accel', 'sku_concentration_volatility_expansion_std', 'sku_concentration_volatility_expansion_range', 'sku_concentration_regime_id', 'sku_concentration_consecutive_above_q75', 'robot_active_rolling_mean_3', 'robot_active_rolling_mean_5', 'robot_active_rolling_std_5', 'robot_active_rate_1', 'robot_active_recent_min_5', 'robot_active_expanding_mean', 'robot_active_expanding_sum', 'robot_active_expanding_std', 'robot_active_rel_to_mean_5', 'robot_active_rel_to_max_5', 'robot_active_volatility_expansion_range', 'robot_active_regime_id', 'robot_idle_rolling_mean_3', 'robot_idle_rolling_mean_5', 'robot_idle_rolling_std_5', 'robot_idle_diff_1', 'robot_idle_recent_max_5', 'robot_idle_recent_min_5', 'robot_idle_expanding_mean', 'robot_idle_is_boundary', 'robot_idle_accel', 'robot_idle_volatility_expansion_range', 'robot_idle_regime_id', 'robot_charging_rolling_mean_3', 'robot_charging_rolling_mean_5', 'robot_charging_rolling_std_3', 'robot_charging_rolling_std_5', 'robot_charging_recent_max_5', 'robot_charging_recent_min_5', 'robot_charging_expanding_mean', 'robot_charging_expanding_sum', 'robot_charging_expanding_std', 'robot_charging_is_boundary', 'robot_charging_volatility_expansion_range', 'robot_charging_regime_id', 'robot_utilization_rolling_mean_3', 'robot_utilization_rolling_mean_5', 'robot_utilization_rolling_std_5', 'robot_utilization_diff_1', 'robot_utilization_diff_3', 'robot_utilization_rate_1', 'robot_utilization_recent_max_5', 'robot_utilization_recent_min_5', 'robot_utilization_expanding_mean', 'robot_utilization_is_boundary', 'robot_utilization_rel_to_mean_5', 'robot_utilization_rel_to_max_5', 'robot_utilization_rel_rank_5', 'robot_utilization_accel', 'robot_utilization_volatility_expansion_std', 'robot_utilization_volatility_expansion_range', 'robot_utilization_regime_id', 'robot_utilization_consecutive_above_q75', 'avg_trip_distance_rolling_mean_3', 'avg_trip_distance_rolling_mean_5', 'avg_trip_distance_rolling_std_3', 'avg_trip_distance_rolling_std_5', 'avg_trip_distance_diff_1', 'avg_trip_distance_recent_max_5', 'avg_trip_distance_recent_min_5', 'avg_trip_distance_expanding_mean', 'avg_trip_distance_accel', 'avg_trip_distance_regime_id', 'task_reassign_15m_rolling_mean_3', 'task_reassign_15m_rolling_mean_5', 'task_reassign_15m_rolling_std_5', 'task_reassign_15m_recent_min_5', 'task_reassign_15m_range_5', 'task_reassign_15m_expanding_sum', 'task_reassign_15m_expanding_std', 'task_reassign_15m_rel_to_max_5', 'task_reassign_15m_volatility_expansion_range', 'task_reassign_15m_regime_id', 'battery_std_rolling_mean_3', 'battery_std_rolling_std_5', 'battery_std_diff_1', 'battery_std_rate_1', 'battery_std_recent_max_5', 'battery_std_recent_min_5', 'battery_std_expanding_mean', 'battery_std_expanding_sum', 'battery_std_volatility_expansion_range', 'low_battery_ratio_rolling_mean_3', 'low_battery_ratio_rolling_mean_5', 'low_battery_ratio_rolling_std_5', 'low_battery_ratio_recent_max_5', 'low_battery_ratio_recent_min_5', 'low_battery_ratio_expanding_mean', 'low_battery_ratio_expanding_sum', 'low_battery_ratio_expanding_std', 'low_battery_ratio_volatility_expansion_range', 'low_battery_ratio_regime_id', 'charge_queue_length_rolling_mean_3', 'charge_queue_length_rolling_mean_5', 'charge_queue_length_rolling_std_5', 'charge_queue_length_recent_max_5', 'charge_queue_length_recent_min_5', 'charge_queue_length_expanding_mean', 'charge_queue_length_expanding_sum', 'charge_queue_length_expanding_std', 'charge_queue_length_rel_to_mean_5', 'charge_queue_length_rel_to_max_5', 'charge_queue_length_volatility_expansion_range', 'charge_queue_length_regime_id', 'avg_charge_wait_rolling_mean_3', 'avg_charge_wait_rolling_mean_5', 'avg_charge_wait_rolling_std_5', 'avg_charge_wait_diff_1', 'avg_charge_wait_slope_5', 'avg_charge_wait_recent_max_5', 'avg_charge_wait_recent_min_5', 'avg_charge_wait_expanding_mean', 'avg_charge_wait_expanding_std', 'avg_charge_wait_volatility_expansion_range', 'avg_charge_wait_regime_id', 'congestion_score_rolling_mean_3', 'congestion_score_rolling_mean_5', 'congestion_score_rolling_std_3', 'congestion_score_rolling_std_5', 'congestion_score_recent_max_5', 'congestion_score_recent_min_5', 'congestion_score_expanding_std', 'congestion_score_volatility_expansion_range', 'congestion_score_regime_id', 'max_zone_density_rolling_mean_3', 'max_zone_density_rolling_mean_5', 'max_zone_density_rolling_std_5', 'max_zone_density_recent_min_5', 'max_zone_density_range_5', 'max_zone_density_expanding_mean', 'max_zone_density_expanding_sum', 'max_zone_density_expanding_std', 'max_zone_density_rel_to_max_5', 'max_zone_density_volatility_expansion_range', 'blocked_path_15m_rolling_mean_3', 'blocked_path_15m_rolling_mean_5', 'blocked_path_15m_rolling_std_3', 'blocked_path_15m_rolling_std_5', 'blocked_path_15m_slope_5', 'blocked_path_15m_recent_max_5', 'blocked_path_15m_expanding_mean', 'blocked_path_15m_expanding_sum', 'blocked_path_15m_expanding_std', 'blocked_path_15m_rel_to_max_5', 'blocked_path_15m_volatility_expansion_range', 'blocked_path_15m_regime_id', 'near_collision_15m_rolling_mean_3', 'near_collision_15m_rolling_mean_5', 'near_collision_15m_rolling_std_3', 'near_collision_15m_rolling_std_5', 'near_collision_15m_diff_1', 'near_collision_15m_range_5', 'near_collision_15m_expanding_mean', 'near_collision_15m_expanding_sum', 'near_collision_15m_expanding_std', 'near_collision_15m_rel_to_max_5', 'near_collision_15m_volatility_expansion_range', 'near_collision_15m_regime_id', 'fault_count_15m_rolling_mean_3', 'fault_count_15m_rolling_mean_5', 'fault_count_15m_rolling_std_5', 'fault_count_15m_diff_1', 'fault_count_15m_range_5', 'fault_count_15m_expanding_mean', 'fault_count_15m_expanding_sum', 'fault_count_15m_expanding_std', 'fault_count_15m_rel_to_max_5', 'fault_count_15m_volatility_expansion_range', 'fault_count_15m_regime_id', 'avg_recovery_time_rolling_mean_5', 'avg_recovery_time_rolling_std_5', 'avg_recovery_time_diff_1', 'avg_recovery_time_range_5', 'avg_recovery_time_expanding_mean', 'avg_recovery_time_expanding_sum', 'avg_recovery_time_rel_to_max_5', 'avg_recovery_time_volatility_expansion_std', 'avg_recovery_time_volatility_expansion_range', 'avg_recovery_time_regime_id', 'replenishment_overlap_rolling_mean_5', 'replenishment_overlap_rolling_std_5', 'replenishment_overlap_range_5', 'replenishment_overlap_expanding_mean', 'replenishment_overlap_rel_to_max_5', 'replenishment_overlap_volatility_expansion_range', 'pack_utilization_rolling_mean_3', 'pack_utilization_rolling_mean_5', 'pack_utilization_rolling_std_3', 'pack_utilization_rolling_std_5', 'pack_utilization_diff_1', 'pack_utilization_recent_min_5', 'pack_utilization_expanding_mean', 'pack_utilization_volatility_expansion_range', 'pack_utilization_regime_id', 'manual_override_ratio_rolling_mean_3', 'manual_override_ratio_rolling_mean_5', 'manual_override_ratio_rolling_std_3', 'manual_override_ratio_rolling_std_5', 'manual_override_ratio_diff_1', 'manual_override_ratio_recent_min_5', 'manual_override_ratio_range_5', 'manual_override_ratio_expanding_mean', 'manual_override_ratio_volatility_expansion_range', 'manual_override_ratio_regime_id', 'warehouse_temp_avg_rolling_mean_3', 'warehouse_temp_avg_rolling_mean_5', 'warehouse_temp_avg_rolling_std_5', 'warehouse_temp_avg_diff_1', 'warehouse_temp_avg_rate_1', 'warehouse_temp_avg_recent_min_5', 'warehouse_temp_avg_expanding_mean', 'warehouse_temp_avg_rel_to_mean_5', 'warehouse_temp_avg_rel_to_max_5', 'warehouse_temp_avg_rel_rank_5', 'warehouse_temp_avg_regime_id', 'humidity_pct_rolling_mean_3', 'humidity_pct_rolling_mean_5', 'humidity_pct_rolling_std_5', 'humidity_pct_diff_1', 'humidity_pct_rate_1', 'humidity_pct_recent_max_5', 'humidity_pct_recent_min_5', 'humidity_pct_expanding_mean', 'humidity_pct_regime_id', 'day_of_week_rolling_mean_3', 'day_of_week_rolling_mean_5', 'day_of_week_rolling_std_5', 'day_of_week_diff_1', 'day_of_week_recent_min_5', 'day_of_week_expanding_mean', 'day_of_week_regime_id', 'air_quality_idx_rolling_mean_3', 'air_quality_idx_rolling_mean_5', 'air_quality_idx_diff_1', 'air_quality_idx_recent_min_5', 'air_quality_idx_expanding_mean', 'air_quality_idx_regime_id', 'inter_heavy_item_ratio_x_order_inflow_15m'] not in index"
